11:20:07,766 ERROR - AudioBookHibernateDAO:81 - find all failed
org.hibernate.HibernateException: No Hibernate Session bound to thread, and configuration does not allow creation of non-transactional one here
	at org.springframework.orm.hibernate3.SpringSessionContext.currentSession(SpringSessionContext.java:63)
	at org.hibernate.impl.SessionFactoryImpl.getCurrentSession(SessionFactoryImpl.java:544)
	at de.fd.mediamanager.dao.hibernate.HibernateDAO.getCurrentSession(HibernateDAO.java:58)
	at de.fd.mediamanager.dao.hibernate.AudioBookHibernateDAO.findAllAuthors(AudioBookHibernateDAO.java:76)
	at de.mediamanager.dao.audioBook.HibernateAudioBookDAOTest.testFindAllAuthors(HibernateAudioBookDAOTest.java:33)
	at sun.reflect.NativeMethodAccessorImpl.invoke0(Native Method)
	at sun.reflect.NativeMethodAccessorImpl.invoke(Unknown Source)
	at sun.reflect.DelegatingMethodAccessorImpl.invoke(Unknown Source)
	at java.lang.reflect.Method.invoke(Unknown Source)
	at junit.framework.TestCase.runTest(TestCase.java:168)
	at junit.framework.TestCase.runBare(TestCase.java:134)
	at org.springframework.test.ConditionalTestCase.runBare(ConditionalTestCase.java:79)
	at junit.framework.TestResult$1.protect(TestResult.java:110)
	at junit.framework.TestResult.runProtected(TestResult.java:128)
	at junit.framework.TestResult.run(TestResult.java:113)
	at junit.framework.TestCase.run(TestCase.java:124)
	at junit.framework.TestSuite.runTest(TestSuite.java:232)
	at junit.framework.TestSuite.run(TestSuite.java:227)
	at org.junit.internal.runners.JUnit38ClassRunner.run(JUnit38ClassRunner.java:81)
	at org.eclipse.jdt.internal.junit4.runner.JUnit4TestReference.run(JUnit4TestReference.java:49)
	at org.eclipse.jdt.internal.junit.runner.TestExecution.run(TestExecution.java:38)
	at org.eclipse.jdt.internal.junit.runner.RemoteTestRunner.runTests(RemoteTestRunner.java:467)
	at org.eclipse.jdt.internal.junit.runner.RemoteTestRunner.runTests(RemoteTestRunner.java:683)
	at org.eclipse.jdt.internal.junit.runner.RemoteTestRunner.run(RemoteTestRunner.java:390)
	at org.eclipse.jdt.internal.junit.runner.RemoteTestRunner.main(RemoteTestRunner.java:197)
11:27:41,488 ERROR - AudioBookHibernateDAO:81 - find all failed
org.hibernate.HibernateException: No Hibernate Session bound to thread, and configuration does not allow creation of non-transactional one here
	at org.springframework.orm.hibernate3.SpringSessionContext.currentSession(SpringSessionContext.java:63)
	at org.hibernate.impl.SessionFactoryImpl.getCurrentSession(SessionFactoryImpl.java:544)
	at de.fd.mediamanager.dao.hibernate.HibernateDAO.getCurrentSession(HibernateDAO.java:58)
	at de.fd.mediamanager.dao.hibernate.AudioBookHibernateDAO.findAllAuthors(AudioBookHibernateDAO.java:76)
	at de.mediamanager.dao.audioBook.HibernateAudioBookDAOTest.testFindAllAuthors(HibernateAudioBookDAOTest.java:33)
	at sun.reflect.NativeMethodAccessorImpl.invoke0(Native Method)
	at sun.reflect.NativeMethodAccessorImpl.invoke(Unknown Source)
	at sun.reflect.DelegatingMethodAccessorImpl.invoke(Unknown Source)
	at java.lang.reflect.Method.invoke(Unknown Source)
	at junit.framework.TestCase.runTest(TestCase.java:168)
	at junit.framework.TestCase.runBare(TestCase.java:134)
	at org.springframework.test.ConditionalTestCase.runBare(ConditionalTestCase.java:79)
	at junit.framework.TestResult$1.protect(TestResult.java:110)
	at junit.framework.TestResult.runProtected(TestResult.java:128)
	at junit.framework.TestResult.run(TestResult.java:113)
	at junit.framework.TestCase.run(TestCase.java:124)
	at junit.framework.TestSuite.runTest(TestSuite.java:232)
	at junit.framework.TestSuite.run(TestSuite.java:227)
	at org.junit.internal.runners.JUnit38ClassRunner.run(JUnit38ClassRunner.java:81)
	at org.eclipse.jdt.internal.junit4.runner.JUnit4TestReference.run(JUnit4TestReference.java:49)
	at org.eclipse.jdt.internal.junit.runner.TestExecution.run(TestExecution.java:38)
	at org.eclipse.jdt.internal.junit.runner.RemoteTestRunner.runTests(RemoteTestRunner.java:467)
	at org.eclipse.jdt.internal.junit.runner.RemoteTestRunner.runTests(RemoteTestRunner.java:683)
	at org.eclipse.jdt.internal.junit.runner.RemoteTestRunner.run(RemoteTestRunner.java:390)
	at org.eclipse.jdt.internal.junit.runner.RemoteTestRunner.main(RemoteTestRunner.java:197)
12:02:23,404 ERROR - AudioBookHibernateDAO:81 - find all failed
org.hibernate.HibernateException: No Hibernate Session bound to thread, and configuration does not allow creation of non-transactional one here
	at org.springframework.orm.hibernate3.SpringSessionContext.currentSession(SpringSessionContext.java:63)
	at org.hibernate.impl.SessionFactoryImpl.getCurrentSession(SessionFactoryImpl.java:544)
	at de.fd.mediamanager.dao.hibernate.HibernateDAO.getCurrentSession(HibernateDAO.java:58)
	at de.fd.mediamanager.dao.hibernate.AudioBookHibernateDAO.findAllAuthors(AudioBookHibernateDAO.java:76)
	at de.mediamanager.dao.api.hibernate.SpringHibernateAtomicosTest.testFindAllAuthors(SpringHibernateAtomicosTest.java:34)
	at sun.reflect.NativeMethodAccessorImpl.invoke0(Native Method)
	at sun.reflect.NativeMethodAccessorImpl.invoke(Unknown Source)
	at sun.reflect.DelegatingMethodAccessorImpl.invoke(Unknown Source)
	at java.lang.reflect.Method.invoke(Unknown Source)
	at junit.framework.TestCase.runTest(TestCase.java:168)
	at junit.framework.TestCase.runBare(TestCase.java:134)
	at org.springframework.test.ConditionalTestCase.runBare(ConditionalTestCase.java:79)
	at junit.framework.TestResult$1.protect(TestResult.java:110)
	at junit.framework.TestResult.runProtected(TestResult.java:128)
	at junit.framework.TestResult.run(TestResult.java:113)
	at junit.framework.TestCase.run(TestCase.java:124)
	at junit.framework.TestSuite.runTest(TestSuite.java:232)
	at junit.framework.TestSuite.run(TestSuite.java:227)
	at org.junit.internal.runners.JUnit38ClassRunner.run(JUnit38ClassRunner.java:81)
	at org.eclipse.jdt.internal.junit4.runner.JUnit4TestReference.run(JUnit4TestReference.java:49)
	at org.eclipse.jdt.internal.junit.runner.TestExecution.run(TestExecution.java:38)
	at org.eclipse.jdt.internal.junit.runner.RemoteTestRunner.runTests(RemoteTestRunner.java:467)
	at org.eclipse.jdt.internal.junit.runner.RemoteTestRunner.runTests(RemoteTestRunner.java:683)
	at org.eclipse.jdt.internal.junit.runner.RemoteTestRunner.run(RemoteTestRunner.java:390)
	at org.eclipse.jdt.internal.junit.runner.RemoteTestRunner.main(RemoteTestRunner.java:197)
12:03:12,422 ERROR - AudioBookHibernateDAO:81 - find all failed
org.hibernate.HibernateException: No Hibernate Session bound to thread, and configuration does not allow creation of non-transactional one here
	at org.springframework.orm.hibernate3.SpringSessionContext.currentSession(SpringSessionContext.java:63)
	at org.hibernate.impl.SessionFactoryImpl.getCurrentSession(SessionFactoryImpl.java:544)
	at de.fd.mediamanager.dao.hibernate.HibernateDAO.getCurrentSession(HibernateDAO.java:58)
	at de.fd.mediamanager.dao.hibernate.AudioBookHibernateDAO.findAllAuthors(AudioBookHibernateDAO.java:76)
	at de.mediamanager.dao.api.hibernate.SpringHibernateAtomicosTest.testFindAllAuthors(SpringHibernateAtomicosTest.java:35)
	at sun.reflect.NativeMethodAccessorImpl.invoke0(Native Method)
	at sun.reflect.NativeMethodAccessorImpl.invoke(Unknown Source)
	at sun.reflect.DelegatingMethodAccessorImpl.invoke(Unknown Source)
	at java.lang.reflect.Method.invoke(Unknown Source)
	at junit.framework.TestCase.runTest(TestCase.java:168)
	at junit.framework.TestCase.runBare(TestCase.java:134)
	at org.springframework.test.ConditionalTestCase.runBare(ConditionalTestCase.java:79)
	at junit.framework.TestResult$1.protect(TestResult.java:110)
	at junit.framework.TestResult.runProtected(TestResult.java:128)
	at junit.framework.TestResult.run(TestResult.java:113)
	at junit.framework.TestCase.run(TestCase.java:124)
	at junit.framework.TestSuite.runTest(TestSuite.java:232)
	at junit.framework.TestSuite.run(TestSuite.java:227)
	at org.junit.internal.runners.JUnit38ClassRunner.run(JUnit38ClassRunner.java:81)
	at org.eclipse.jdt.internal.junit4.runner.JUnit4TestReference.run(JUnit4TestReference.java:49)
	at org.eclipse.jdt.internal.junit.runner.TestExecution.run(TestExecution.java:38)
	at org.eclipse.jdt.internal.junit.runner.RemoteTestRunner.runTests(RemoteTestRunner.java:467)
	at org.eclipse.jdt.internal.junit.runner.RemoteTestRunner.runTests(RemoteTestRunner.java:683)
	at org.eclipse.jdt.internal.junit.runner.RemoteTestRunner.run(RemoteTestRunner.java:390)
	at org.eclipse.jdt.internal.junit.runner.RemoteTestRunner.main(RemoteTestRunner.java:197)
12:04:24,886 ERROR - AudioBookHibernateDAO:81 - find all failed
org.hibernate.HibernateException: No Hibernate Session bound to thread, and configuration does not allow creation of non-transactional one here
	at org.springframework.orm.hibernate3.SpringSessionContext.currentSession(SpringSessionContext.java:63)
	at org.hibernate.impl.SessionFactoryImpl.getCurrentSession(SessionFactoryImpl.java:544)
	at de.fd.mediamanager.dao.hibernate.HibernateDAO.getCurrentSession(HibernateDAO.java:58)
	at de.fd.mediamanager.dao.hibernate.AudioBookHibernateDAO.findAllAuthors(AudioBookHibernateDAO.java:76)
	at de.mediamanager.dao.api.hibernate.SpringHibernateAtomicosTest.testFindAllAuthors(SpringHibernateAtomicosTest.java:36)
	at sun.reflect.NativeMethodAccessorImpl.invoke0(Native Method)
	at sun.reflect.NativeMethodAccessorImpl.invoke(Unknown Source)
	at sun.reflect.DelegatingMethodAccessorImpl.invoke(Unknown Source)
	at java.lang.reflect.Method.invoke(Unknown Source)
	at junit.framework.TestCase.runTest(TestCase.java:168)
	at junit.framework.TestCase.runBare(TestCase.java:134)
	at org.springframework.test.ConditionalTestCase.runBare(ConditionalTestCase.java:79)
	at junit.framework.TestResult$1.protect(TestResult.java:110)
	at junit.framework.TestResult.runProtected(TestResult.java:128)
	at junit.framework.TestResult.run(TestResult.java:113)
	at junit.framework.TestCase.run(TestCase.java:124)
	at junit.framework.TestSuite.runTest(TestSuite.java:232)
	at junit.framework.TestSuite.run(TestSuite.java:227)
	at org.junit.internal.runners.JUnit38ClassRunner.run(JUnit38ClassRunner.java:81)
	at org.eclipse.jdt.internal.junit4.runner.JUnit4TestReference.run(JUnit4TestReference.java:49)
	at org.eclipse.jdt.internal.junit.runner.TestExecution.run(TestExecution.java:38)
	at org.eclipse.jdt.internal.junit.runner.RemoteTestRunner.runTests(RemoteTestRunner.java:467)
	at org.eclipse.jdt.internal.junit.runner.RemoteTestRunner.runTests(RemoteTestRunner.java:683)
	at org.eclipse.jdt.internal.junit.runner.RemoteTestRunner.run(RemoteTestRunner.java:390)
	at org.eclipse.jdt.internal.junit.runner.RemoteTestRunner.main(RemoteTestRunner.java:197)
13:04:37,765 ERROR - AudioBookHibernateDAO:81 - find all failed
org.hibernate.HibernateException: No Hibernate Session bound to thread, and configuration does not allow creation of non-transactional one here
	at org.springframework.orm.hibernate3.SpringSessionContext.currentSession(SpringSessionContext.java:63)
	at org.hibernate.impl.SessionFactoryImpl.getCurrentSession(SessionFactoryImpl.java:544)
	at de.fd.mediamanager.dao.hibernate.HibernateDAO.getCurrentSession(HibernateDAO.java:58)
	at de.fd.mediamanager.dao.hibernate.AudioBookHibernateDAO.findAllAuthors(AudioBookHibernateDAO.java:76)
	at de.mediamanager.dao.api.hibernate.SpringHibernateAtomicosTest.testFindAllAuthors(SpringHibernateAtomicosTest.java:39)
	at sun.reflect.NativeMethodAccessorImpl.invoke0(Native Method)
	at sun.reflect.NativeMethodAccessorImpl.invoke(Unknown Source)
	at sun.reflect.DelegatingMethodAccessorImpl.invoke(Unknown Source)
	at java.lang.reflect.Method.invoke(Unknown Source)
	at junit.framework.TestCase.runTest(TestCase.java:168)
	at junit.framework.TestCase.runBare(TestCase.java:134)
	at org.springframework.test.ConditionalTestCase.runBare(ConditionalTestCase.java:79)
	at junit.framework.TestResult$1.protect(TestResult.java:110)
	at junit.framework.TestResult.runProtected(TestResult.java:128)
	at junit.framework.TestResult.run(TestResult.java:113)
	at junit.framework.TestCase.run(TestCase.java:124)
	at junit.framework.TestSuite.runTest(TestSuite.java:232)
	at junit.framework.TestSuite.run(TestSuite.java:227)
	at org.junit.internal.runners.JUnit38ClassRunner.run(JUnit38ClassRunner.java:81)
	at org.eclipse.jdt.internal.junit4.runner.JUnit4TestReference.run(JUnit4TestReference.java:49)
	at org.eclipse.jdt.internal.junit.runner.TestExecution.run(TestExecution.java:38)
	at org.eclipse.jdt.internal.junit.runner.RemoteTestRunner.runTests(RemoteTestRunner.java:467)
	at org.eclipse.jdt.internal.junit.runner.RemoteTestRunner.runTests(RemoteTestRunner.java:683)
	at org.eclipse.jdt.internal.junit.runner.RemoteTestRunner.run(RemoteTestRunner.java:390)
	at org.eclipse.jdt.internal.junit.runner.RemoteTestRunner.main(RemoteTestRunner.java:197)
13:37:36,037 ERROR - AudioBookHibernateDAO:97 - find all failed
org.hibernate.hql.ast.QuerySyntaxException: Person is not mapped [from Person]
	at org.hibernate.hql.ast.util.SessionFactoryHelper.requireClassPersister(SessionFactoryHelper.java:158)
	at org.hibernate.hql.ast.tree.FromElementFactory.addFromElement(FromElementFactory.java:87)
	at org.hibernate.hql.ast.tree.FromClause.addFromElement(FromClause.java:70)
	at org.hibernate.hql.ast.HqlSqlWalker.createFromElement(HqlSqlWalker.java:255)
	at org.hibernate.hql.antlr.HqlSqlBaseWalker.fromElement(HqlSqlBaseWalker.java:3056)
	at org.hibernate.hql.antlr.HqlSqlBaseWalker.fromElementList(HqlSqlBaseWalker.java:2945)
	at org.hibernate.hql.antlr.HqlSqlBaseWalker.fromClause(HqlSqlBaseWalker.java:688)
	at org.hibernate.hql.antlr.HqlSqlBaseWalker.query(HqlSqlBaseWalker.java:544)
	at org.hibernate.hql.antlr.HqlSqlBaseWalker.selectStatement(HqlSqlBaseWalker.java:281)
	at org.hibernate.hql.antlr.HqlSqlBaseWalker.statement(HqlSqlBaseWalker.java:229)
	at org.hibernate.hql.ast.QueryTranslatorImpl.analyze(QueryTranslatorImpl.java:228)
	at org.hibernate.hql.ast.QueryTranslatorImpl.doCompile(QueryTranslatorImpl.java:160)
	at org.hibernate.hql.ast.QueryTranslatorImpl.compile(QueryTranslatorImpl.java:111)
	at org.hibernate.engine.query.HQLQueryPlan.<init>(HQLQueryPlan.java:77)
	at org.hibernate.engine.query.HQLQueryPlan.<init>(HQLQueryPlan.java:56)
	at org.hibernate.engine.query.QueryPlanCache.getHQLQueryPlan(QueryPlanCache.java:72)
	at org.hibernate.impl.AbstractSessionImpl.getHQLQueryPlan(AbstractSessionImpl.java:133)
	at org.hibernate.impl.AbstractSessionImpl.createQuery(AbstractSessionImpl.java:112)
	at org.hibernate.impl.SessionImpl.createQuery(SessionImpl.java:1623)
	at de.fd.mediamanager.dao.hibernate.AudioBookHibernateDAO.findPerson(AudioBookHibernateDAO.java:92)
	at de.mediamanager.dao.api.hibernate.SpringHibernateAtomicosTest.testFindAllAuthors(SpringHibernateAtomicosTest.java:38)
	at sun.reflect.NativeMethodAccessorImpl.invoke0(Native Method)
	at sun.reflect.NativeMethodAccessorImpl.invoke(Unknown Source)
	at sun.reflect.DelegatingMethodAccessorImpl.invoke(Unknown Source)
	at java.lang.reflect.Method.invoke(Unknown Source)
	at junit.framework.TestCase.runTest(TestCase.java:168)
	at junit.framework.TestCase.runBare(TestCase.java:134)
	at org.springframework.test.ConditionalTestCase.runBare(ConditionalTestCase.java:79)
	at junit.framework.TestResult$1.protect(TestResult.java:110)
	at junit.framework.TestResult.runProtected(TestResult.java:128)
	at junit.framework.TestResult.run(TestResult.java:113)
	at junit.framework.TestCase.run(TestCase.java:124)
	at junit.framework.TestSuite.runTest(TestSuite.java:232)
	at junit.framework.TestSuite.run(TestSuite.java:227)
	at org.junit.internal.runners.JUnit38ClassRunner.run(JUnit38ClassRunner.java:81)
	at org.eclipse.jdt.internal.junit4.runner.JUnit4TestReference.run(JUnit4TestReference.java:49)
	at org.eclipse.jdt.internal.junit.runner.TestExecution.run(TestExecution.java:38)
	at org.eclipse.jdt.internal.junit.runner.RemoteTestRunner.runTests(RemoteTestRunner.java:467)
	at org.eclipse.jdt.internal.junit.runner.RemoteTestRunner.runTests(RemoteTestRunner.java:683)
	at org.eclipse.jdt.internal.junit.runner.RemoteTestRunner.run(RemoteTestRunner.java:390)
	at org.eclipse.jdt.internal.junit.runner.RemoteTestRunner.main(RemoteTestRunner.java:197)
09:25:01,913 ERROR - XMLHelper:61 - Error parsing XML: XML InputStream(23) Open quote is expected for attribute "{1}" associated with an  element type  "lazy".
09:26:11,290 ERROR - JDBCExceptionReporter:78 - ORA-00904: "AUTHORS0_"."ID_BOOK": ungültiger Bezeichner

09:26:11,306 ERROR - AudioBookHibernateDAO:112 - find all failed
org.hibernate.exception.SQLGrammarException: could not initialize a collection: [de.fd.mediamanager.model.book.Book.authors#1]
	at org.hibernate.exception.SQLStateConverter.convert(SQLStateConverter.java:67)
	at org.hibernate.exception.JDBCExceptionHelper.convert(JDBCExceptionHelper.java:43)
	at org.hibernate.loader.Loader.loadCollection(Loader.java:2001)
	at org.hibernate.loader.collection.CollectionLoader.initialize(CollectionLoader.java:36)
	at org.hibernate.persister.collection.AbstractCollectionPersister.initialize(AbstractCollectionPersister.java:565)
	at org.hibernate.event.def.DefaultInitializeCollectionEventListener.onInitializeCollection(DefaultInitializeCollectionEventListener.java:60)
	at org.hibernate.impl.SessionImpl.initializeCollection(SessionImpl.java:1716)
	at org.hibernate.collection.AbstractPersistentCollection.forceInitialization(AbstractPersistentCollection.java:454)
	at org.hibernate.engine.StatefulPersistenceContext.initializeNonLazyCollections(StatefulPersistenceContext.java:797)
	at org.hibernate.loader.Loader.doQueryAndInitializeNonLazyCollections(Loader.java:241)
	at org.hibernate.loader.Loader.doList(Loader.java:2220)
	at org.hibernate.loader.Loader.listIgnoreQueryCache(Loader.java:2104)
	at org.hibernate.loader.Loader.list(Loader.java:2099)
	at org.hibernate.loader.hql.QueryLoader.list(QueryLoader.java:378)
	at org.hibernate.hql.ast.QueryTranslatorImpl.list(QueryTranslatorImpl.java:338)
	at org.hibernate.engine.query.HQLQueryPlan.performList(HQLQueryPlan.java:172)
	at org.hibernate.impl.SessionImpl.list(SessionImpl.java:1121)
	at org.hibernate.impl.QueryImpl.list(QueryImpl.java:79)
	at de.fd.mediamanager.dao.hibernate.AudioBookHibernateDAO.findBooks(AudioBookHibernateDAO.java:108)
	at de.mediamanager.dao.api.hibernate.SpringHibernateAtomicosTest.testFindAllAuthors(SpringHibernateAtomicosTest.java:38)
	at sun.reflect.NativeMethodAccessorImpl.invoke0(Native Method)
	at sun.reflect.NativeMethodAccessorImpl.invoke(Unknown Source)
	at sun.reflect.DelegatingMethodAccessorImpl.invoke(Unknown Source)
	at java.lang.reflect.Method.invoke(Unknown Source)
	at junit.framework.TestCase.runTest(TestCase.java:168)
	at junit.framework.TestCase.runBare(TestCase.java:134)
	at org.springframework.test.ConditionalTestCase.runBare(ConditionalTestCase.java:79)
	at junit.framework.TestResult$1.protect(TestResult.java:110)
	at junit.framework.TestResult.runProtected(TestResult.java:128)
	at junit.framework.TestResult.run(TestResult.java:113)
	at junit.framework.TestCase.run(TestCase.java:124)
	at junit.framework.TestSuite.runTest(TestSuite.java:232)
	at junit.framework.TestSuite.run(TestSuite.java:227)
	at org.junit.internal.runners.JUnit38ClassRunner.run(JUnit38ClassRunner.java:81)
	at org.eclipse.jdt.internal.junit4.runner.JUnit4TestReference.run(JUnit4TestReference.java:49)
	at org.eclipse.jdt.internal.junit.runner.TestExecution.run(TestExecution.java:38)
	at org.eclipse.jdt.internal.junit.runner.RemoteTestRunner.runTests(RemoteTestRunner.java:467)
	at org.eclipse.jdt.internal.junit.runner.RemoteTestRunner.runTests(RemoteTestRunner.java:683)
	at org.eclipse.jdt.internal.junit.runner.RemoteTestRunner.run(RemoteTestRunner.java:390)
	at org.eclipse.jdt.internal.junit.runner.RemoteTestRunner.main(RemoteTestRunner.java:197)
Caused by: java.sql.SQLException: ORA-00904: "AUTHORS0_"."ID_BOOK": ungültiger Bezeichner

	at oracle.jdbc.driver.DatabaseError.throwSqlException(DatabaseError.java:112)
	at oracle.jdbc.driver.T4CTTIoer.processError(T4CTTIoer.java:331)
	at oracle.jdbc.driver.T4CTTIoer.processError(T4CTTIoer.java:288)
	at oracle.jdbc.driver.T4C8Oall.receive(T4C8Oall.java:745)
	at oracle.jdbc.driver.T4CPreparedStatement.doOall8(T4CPreparedStatement.java:216)
	at oracle.jdbc.driver.T4CPreparedStatement.executeForDescribe(T4CPreparedStatement.java:810)
	at oracle.jdbc.driver.OracleStatement.executeMaybeDescribe(OracleStatement.java:1039)
	at oracle.jdbc.driver.T4CPreparedStatement.executeMaybeDescribe(T4CPreparedStatement.java:850)
	at oracle.jdbc.driver.OracleStatement.doExecuteWithTimeout(OracleStatement.java:1134)
	at oracle.jdbc.driver.OraclePreparedStatement.executeInternal(OraclePreparedStatement.java:3339)
	at oracle.jdbc.driver.OraclePreparedStatement.executeQuery(OraclePreparedStatement.java:3384)
	at org.hibernate.jdbc.AbstractBatcher.getResultSet(AbstractBatcher.java:186)
	at org.hibernate.loader.Loader.getResultSet(Loader.java:1787)
	at org.hibernate.loader.Loader.doQuery(Loader.java:674)
	at org.hibernate.loader.Loader.doQueryAndInitializeNonLazyCollections(Loader.java:236)
	at org.hibernate.loader.Loader.loadCollection(Loader.java:1994)
	... 37 more
09:27:52,991 ERROR - JDBCExceptionReporter:78 - ORA-00904: "AUTHORS0_"."ID": ungültiger Bezeichner

09:27:53,006 ERROR - AudioBookHibernateDAO:112 - find all failed
org.hibernate.exception.SQLGrammarException: could not initialize a collection: [de.fd.mediamanager.model.book.Book.authors#1]
	at org.hibernate.exception.SQLStateConverter.convert(SQLStateConverter.java:67)
	at org.hibernate.exception.JDBCExceptionHelper.convert(JDBCExceptionHelper.java:43)
	at org.hibernate.loader.Loader.loadCollection(Loader.java:2001)
	at org.hibernate.loader.collection.CollectionLoader.initialize(CollectionLoader.java:36)
	at org.hibernate.persister.collection.AbstractCollectionPersister.initialize(AbstractCollectionPersister.java:565)
	at org.hibernate.event.def.DefaultInitializeCollectionEventListener.onInitializeCollection(DefaultInitializeCollectionEventListener.java:60)
	at org.hibernate.impl.SessionImpl.initializeCollection(SessionImpl.java:1716)
	at org.hibernate.collection.AbstractPersistentCollection.forceInitialization(AbstractPersistentCollection.java:454)
	at org.hibernate.engine.StatefulPersistenceContext.initializeNonLazyCollections(StatefulPersistenceContext.java:797)
	at org.hibernate.loader.Loader.doQueryAndInitializeNonLazyCollections(Loader.java:241)
	at org.hibernate.loader.Loader.doList(Loader.java:2220)
	at org.hibernate.loader.Loader.listIgnoreQueryCache(Loader.java:2104)
	at org.hibernate.loader.Loader.list(Loader.java:2099)
	at org.hibernate.loader.hql.QueryLoader.list(QueryLoader.java:378)
	at org.hibernate.hql.ast.QueryTranslatorImpl.list(QueryTranslatorImpl.java:338)
	at org.hibernate.engine.query.HQLQueryPlan.performList(HQLQueryPlan.java:172)
	at org.hibernate.impl.SessionImpl.list(SessionImpl.java:1121)
	at org.hibernate.impl.QueryImpl.list(QueryImpl.java:79)
	at de.fd.mediamanager.dao.hibernate.AudioBookHibernateDAO.findBooks(AudioBookHibernateDAO.java:108)
	at de.mediamanager.dao.api.hibernate.SpringHibernateAtomicosTest.testFindAllAuthors(SpringHibernateAtomicosTest.java:38)
	at sun.reflect.NativeMethodAccessorImpl.invoke0(Native Method)
	at sun.reflect.NativeMethodAccessorImpl.invoke(Unknown Source)
	at sun.reflect.DelegatingMethodAccessorImpl.invoke(Unknown Source)
	at java.lang.reflect.Method.invoke(Unknown Source)
	at junit.framework.TestCase.runTest(TestCase.java:168)
	at junit.framework.TestCase.runBare(TestCase.java:134)
	at org.springframework.test.ConditionalTestCase.runBare(ConditionalTestCase.java:79)
	at junit.framework.TestResult$1.protect(TestResult.java:110)
	at junit.framework.TestResult.runProtected(TestResult.java:128)
	at junit.framework.TestResult.run(TestResult.java:113)
	at junit.framework.TestCase.run(TestCase.java:124)
	at junit.framework.TestSuite.runTest(TestSuite.java:232)
	at junit.framework.TestSuite.run(TestSuite.java:227)
	at org.junit.internal.runners.JUnit38ClassRunner.run(JUnit38ClassRunner.java:81)
	at org.eclipse.jdt.internal.junit4.runner.JUnit4TestReference.run(JUnit4TestReference.java:49)
	at org.eclipse.jdt.internal.junit.runner.TestExecution.run(TestExecution.java:38)
	at org.eclipse.jdt.internal.junit.runner.RemoteTestRunner.runTests(RemoteTestRunner.java:467)
	at org.eclipse.jdt.internal.junit.runner.RemoteTestRunner.runTests(RemoteTestRunner.java:683)
	at org.eclipse.jdt.internal.junit.runner.RemoteTestRunner.run(RemoteTestRunner.java:390)
	at org.eclipse.jdt.internal.junit.runner.RemoteTestRunner.main(RemoteTestRunner.java:197)
Caused by: java.sql.SQLException: ORA-00904: "AUTHORS0_"."ID": ungültiger Bezeichner

	at oracle.jdbc.driver.DatabaseError.throwSqlException(DatabaseError.java:112)
	at oracle.jdbc.driver.T4CTTIoer.processError(T4CTTIoer.java:331)
	at oracle.jdbc.driver.T4CTTIoer.processError(T4CTTIoer.java:288)
	at oracle.jdbc.driver.T4C8Oall.receive(T4C8Oall.java:745)
	at oracle.jdbc.driver.T4CPreparedStatement.doOall8(T4CPreparedStatement.java:216)
	at oracle.jdbc.driver.T4CPreparedStatement.executeForDescribe(T4CPreparedStatement.java:810)
	at oracle.jdbc.driver.OracleStatement.executeMaybeDescribe(OracleStatement.java:1039)
	at oracle.jdbc.driver.T4CPreparedStatement.executeMaybeDescribe(T4CPreparedStatement.java:850)
	at oracle.jdbc.driver.OracleStatement.doExecuteWithTimeout(OracleStatement.java:1134)
	at oracle.jdbc.driver.OraclePreparedStatement.executeInternal(OraclePreparedStatement.java:3339)
	at oracle.jdbc.driver.OraclePreparedStatement.executeQuery(OraclePreparedStatement.java:3384)
	at org.hibernate.jdbc.AbstractBatcher.getResultSet(AbstractBatcher.java:186)
	at org.hibernate.loader.Loader.getResultSet(Loader.java:1787)
	at org.hibernate.loader.Loader.doQuery(Loader.java:674)
	at org.hibernate.loader.Loader.doQueryAndInitializeNonLazyCollections(Loader.java:236)
	at org.hibernate.loader.Loader.loadCollection(Loader.java:1994)
	... 37 more
11:38:38,910 ERROR - JDBCExceptionReporter:78 - ORA-00904: "BOOK0_1_"."LECTOR_INFO": ungültiger Bezeichner

11:38:38,920 ERROR - AudioBookHibernateDAO:113 - find all failed
org.hibernate.exception.SQLGrammarException: could not execute query
	at org.hibernate.exception.SQLStateConverter.convert(SQLStateConverter.java:67)
	at org.hibernate.exception.JDBCExceptionHelper.convert(JDBCExceptionHelper.java:43)
	at org.hibernate.loader.Loader.doList(Loader.java:2223)
	at org.hibernate.loader.Loader.listIgnoreQueryCache(Loader.java:2104)
	at org.hibernate.loader.Loader.list(Loader.java:2099)
	at org.hibernate.loader.hql.QueryLoader.list(QueryLoader.java:378)
	at org.hibernate.hql.ast.QueryTranslatorImpl.list(QueryTranslatorImpl.java:338)
	at org.hibernate.engine.query.HQLQueryPlan.performList(HQLQueryPlan.java:172)
	at org.hibernate.impl.SessionImpl.list(SessionImpl.java:1121)
	at org.hibernate.impl.QueryImpl.list(QueryImpl.java:79)
	at de.fd.mediamanager.dao.hibernate.AudioBookHibernateDAO.findBooks(AudioBookHibernateDAO.java:109)
	at de.mediamanager.dao.api.hibernate.SpringHibernateAtomicosTest.testFindAllAuthors(SpringHibernateAtomicosTest.java:39)
	at sun.reflect.NativeMethodAccessorImpl.invoke0(Native Method)
	at sun.reflect.NativeMethodAccessorImpl.invoke(Unknown Source)
	at sun.reflect.DelegatingMethodAccessorImpl.invoke(Unknown Source)
	at java.lang.reflect.Method.invoke(Unknown Source)
	at junit.framework.TestCase.runTest(TestCase.java:168)
	at junit.framework.TestCase.runBare(TestCase.java:134)
	at org.springframework.test.ConditionalTestCase.runBare(ConditionalTestCase.java:79)
	at junit.framework.TestResult$1.protect(TestResult.java:110)
	at junit.framework.TestResult.runProtected(TestResult.java:128)
	at junit.framework.TestResult.run(TestResult.java:113)
	at junit.framework.TestCase.run(TestCase.java:124)
	at junit.framework.TestSuite.runTest(TestSuite.java:232)
	at junit.framework.TestSuite.run(TestSuite.java:227)
	at org.junit.internal.runners.JUnit38ClassRunner.run(JUnit38ClassRunner.java:81)
	at org.eclipse.jdt.internal.junit4.runner.JUnit4TestReference.run(JUnit4TestReference.java:49)
	at org.eclipse.jdt.internal.junit.runner.TestExecution.run(TestExecution.java:38)
	at org.eclipse.jdt.internal.junit.runner.RemoteTestRunner.runTests(RemoteTestRunner.java:467)
	at org.eclipse.jdt.internal.junit.runner.RemoteTestRunner.runTests(RemoteTestRunner.java:683)
	at org.eclipse.jdt.internal.junit.runner.RemoteTestRunner.run(RemoteTestRunner.java:390)
	at org.eclipse.jdt.internal.junit.runner.RemoteTestRunner.main(RemoteTestRunner.java:197)
Caused by: java.sql.SQLException: ORA-00904: "BOOK0_1_"."LECTOR_INFO": ungültiger Bezeichner

	at oracle.jdbc.driver.DatabaseError.throwSqlException(DatabaseError.java:112)
	at oracle.jdbc.driver.T4CTTIoer.processError(T4CTTIoer.java:331)
	at oracle.jdbc.driver.T4CTTIoer.processError(T4CTTIoer.java:288)
	at oracle.jdbc.driver.T4C8Oall.receive(T4C8Oall.java:745)
	at oracle.jdbc.driver.T4CPreparedStatement.doOall8(T4CPreparedStatement.java:216)
	at oracle.jdbc.driver.T4CPreparedStatement.executeForDescribe(T4CPreparedStatement.java:810)
	at oracle.jdbc.driver.OracleStatement.executeMaybeDescribe(OracleStatement.java:1039)
	at oracle.jdbc.driver.T4CPreparedStatement.executeMaybeDescribe(T4CPreparedStatement.java:850)
	at oracle.jdbc.driver.OracleStatement.doExecuteWithTimeout(OracleStatement.java:1134)
	at oracle.jdbc.driver.OraclePreparedStatement.executeInternal(OraclePreparedStatement.java:3339)
	at oracle.jdbc.driver.OraclePreparedStatement.executeQuery(OraclePreparedStatement.java:3384)
	at org.hibernate.jdbc.AbstractBatcher.getResultSet(AbstractBatcher.java:186)
	at org.hibernate.loader.Loader.getResultSet(Loader.java:1787)
	at org.hibernate.loader.Loader.doQuery(Loader.java:674)
	at org.hibernate.loader.Loader.doQueryAndInitializeNonLazyCollections(Loader.java:236)
	at org.hibernate.loader.Loader.doList(Loader.java:2220)
	... 29 more
11:38:43,549 ERROR - JDBCExceptionReporter:78 - ORA-00904: "AUDIOBOOK0_"."LECTOR_INFO": ungültiger Bezeichner

11:38:43,557 ERROR - AudioBookHibernateDAO:127 - find all failed
org.hibernate.exception.SQLGrammarException: could not execute query
	at org.hibernate.exception.SQLStateConverter.convert(SQLStateConverter.java:67)
	at org.hibernate.exception.JDBCExceptionHelper.convert(JDBCExceptionHelper.java:43)
	at org.hibernate.loader.Loader.doList(Loader.java:2223)
	at org.hibernate.loader.Loader.listIgnoreQueryCache(Loader.java:2104)
	at org.hibernate.loader.Loader.list(Loader.java:2099)
	at org.hibernate.loader.hql.QueryLoader.list(QueryLoader.java:378)
	at org.hibernate.hql.ast.QueryTranslatorImpl.list(QueryTranslatorImpl.java:338)
	at org.hibernate.engine.query.HQLQueryPlan.performList(HQLQueryPlan.java:172)
	at org.hibernate.impl.SessionImpl.list(SessionImpl.java:1121)
	at org.hibernate.impl.QueryImpl.list(QueryImpl.java:79)
	at de.fd.mediamanager.dao.hibernate.AudioBookHibernateDAO.findAudioBooks(AudioBookHibernateDAO.java:123)
	at de.mediamanager.dao.api.hibernate.SpringHibernateAtomicosTest.testFindAllAudioBooks(SpringHibernateAtomicosTest.java:47)
	at sun.reflect.NativeMethodAccessorImpl.invoke0(Native Method)
	at sun.reflect.NativeMethodAccessorImpl.invoke(Unknown Source)
	at sun.reflect.DelegatingMethodAccessorImpl.invoke(Unknown Source)
	at java.lang.reflect.Method.invoke(Unknown Source)
	at junit.framework.TestCase.runTest(TestCase.java:168)
	at junit.framework.TestCase.runBare(TestCase.java:134)
	at org.springframework.test.ConditionalTestCase.runBare(ConditionalTestCase.java:79)
	at junit.framework.TestResult$1.protect(TestResult.java:110)
	at junit.framework.TestResult.runProtected(TestResult.java:128)
	at junit.framework.TestResult.run(TestResult.java:113)
	at junit.framework.TestCase.run(TestCase.java:124)
	at junit.framework.TestSuite.runTest(TestSuite.java:232)
	at junit.framework.TestSuite.run(TestSuite.java:227)
	at org.junit.internal.runners.JUnit38ClassRunner.run(JUnit38ClassRunner.java:81)
	at org.eclipse.jdt.internal.junit4.runner.JUnit4TestReference.run(JUnit4TestReference.java:49)
	at org.eclipse.jdt.internal.junit.runner.TestExecution.run(TestExecution.java:38)
	at org.eclipse.jdt.internal.junit.runner.RemoteTestRunner.runTests(RemoteTestRunner.java:467)
	at org.eclipse.jdt.internal.junit.runner.RemoteTestRunner.runTests(RemoteTestRunner.java:683)
	at org.eclipse.jdt.internal.junit.runner.RemoteTestRunner.run(RemoteTestRunner.java:390)
	at org.eclipse.jdt.internal.junit.runner.RemoteTestRunner.main(RemoteTestRunner.java:197)
Caused by: java.sql.SQLException: ORA-00904: "AUDIOBOOK0_"."LECTOR_INFO": ungültiger Bezeichner

	at oracle.jdbc.driver.DatabaseError.throwSqlException(DatabaseError.java:112)
	at oracle.jdbc.driver.T4CTTIoer.processError(T4CTTIoer.java:331)
	at oracle.jdbc.driver.T4CTTIoer.processError(T4CTTIoer.java:288)
	at oracle.jdbc.driver.T4C8Oall.receive(T4C8Oall.java:745)
	at oracle.jdbc.driver.T4CPreparedStatement.doOall8(T4CPreparedStatement.java:216)
	at oracle.jdbc.driver.T4CPreparedStatement.executeForDescribe(T4CPreparedStatement.java:810)
	at oracle.jdbc.driver.OracleStatement.executeMaybeDescribe(OracleStatement.java:1039)
	at oracle.jdbc.driver.T4CPreparedStatement.executeMaybeDescribe(T4CPreparedStatement.java:850)
	at oracle.jdbc.driver.OracleStatement.doExecuteWithTimeout(OracleStatement.java:1134)
	at oracle.jdbc.driver.OraclePreparedStatement.executeInternal(OraclePreparedStatement.java:3339)
	at oracle.jdbc.driver.OraclePreparedStatement.executeQuery(OraclePreparedStatement.java:3384)
	at org.hibernate.jdbc.AbstractBatcher.getResultSet(AbstractBatcher.java:186)
	at org.hibernate.loader.Loader.getResultSet(Loader.java:1787)
	at org.hibernate.loader.Loader.doQuery(Loader.java:674)
	at org.hibernate.loader.Loader.doQueryAndInitializeNonLazyCollections(Loader.java:236)
	at org.hibernate.loader.Loader.doList(Loader.java:2220)
	... 29 more
11:40:49,722 ERROR - BasicPropertyAccessor:94 - IllegalArgumentException in class: de.fd.mediamanager.model.audiobook.AudioBook, setter method of property: id
11:40:49,727 ERROR - BasicPropertyAccessor:98 - expected type: java.lang.String, actual value: java.lang.Long
11:40:49,733 ERROR - AudioBookHibernateDAO:113 - find all failed
org.hibernate.PropertyAccessException: IllegalArgumentException occurred while calling setter of de.fd.mediamanager.model.audiobook.AudioBook.id
	at org.hibernate.property.BasicPropertyAccessor$BasicSetter.set(BasicPropertyAccessor.java:104)
	at org.hibernate.tuple.entity.AbstractEntityTuplizer.setIdentifier(AbstractEntityTuplizer.java:211)
	at org.hibernate.tuple.entity.AbstractEntityTuplizer.instantiate(AbstractEntityTuplizer.java:353)
	at org.hibernate.persister.entity.AbstractEntityPersister.instantiate(AbstractEntityPersister.java:3606)
	at org.hibernate.impl.SessionImpl.instantiate(SessionImpl.java:1275)
	at org.hibernate.impl.SessionImpl.instantiate(SessionImpl.java:1264)
	at org.hibernate.loader.Loader.instanceNotYetLoaded(Loader.java:1299)
	at org.hibernate.loader.Loader.getRow(Loader.java:1206)
	at org.hibernate.loader.Loader.getRowFromResultSet(Loader.java:580)
	at org.hibernate.loader.Loader.doQuery(Loader.java:701)
	at org.hibernate.loader.Loader.doQueryAndInitializeNonLazyCollections(Loader.java:236)
	at org.hibernate.loader.Loader.doList(Loader.java:2220)
	at org.hibernate.loader.Loader.listIgnoreQueryCache(Loader.java:2104)
	at org.hibernate.loader.Loader.list(Loader.java:2099)
	at org.hibernate.loader.hql.QueryLoader.list(QueryLoader.java:378)
	at org.hibernate.hql.ast.QueryTranslatorImpl.list(QueryTranslatorImpl.java:338)
	at org.hibernate.engine.query.HQLQueryPlan.performList(HQLQueryPlan.java:172)
	at org.hibernate.impl.SessionImpl.list(SessionImpl.java:1121)
	at org.hibernate.impl.QueryImpl.list(QueryImpl.java:79)
	at de.fd.mediamanager.dao.hibernate.AudioBookHibernateDAO.findBooks(AudioBookHibernateDAO.java:109)
	at de.mediamanager.dao.api.hibernate.SpringHibernateAtomicosTest.testFindAllAuthors(SpringHibernateAtomicosTest.java:39)
	at sun.reflect.NativeMethodAccessorImpl.invoke0(Native Method)
	at sun.reflect.NativeMethodAccessorImpl.invoke(Unknown Source)
	at sun.reflect.DelegatingMethodAccessorImpl.invoke(Unknown Source)
	at java.lang.reflect.Method.invoke(Unknown Source)
	at junit.framework.TestCase.runTest(TestCase.java:168)
	at junit.framework.TestCase.runBare(TestCase.java:134)
	at org.springframework.test.ConditionalTestCase.runBare(ConditionalTestCase.java:79)
	at junit.framework.TestResult$1.protect(TestResult.java:110)
	at junit.framework.TestResult.runProtected(TestResult.java:128)
	at junit.framework.TestResult.run(TestResult.java:113)
	at junit.framework.TestCase.run(TestCase.java:124)
	at junit.framework.TestSuite.runTest(TestSuite.java:232)
	at junit.framework.TestSuite.run(TestSuite.java:227)
	at org.junit.internal.runners.JUnit38ClassRunner.run(JUnit38ClassRunner.java:81)
	at org.eclipse.jdt.internal.junit4.runner.JUnit4TestReference.run(JUnit4TestReference.java:49)
	at org.eclipse.jdt.internal.junit.runner.TestExecution.run(TestExecution.java:38)
	at org.eclipse.jdt.internal.junit.runner.RemoteTestRunner.runTests(RemoteTestRunner.java:467)
	at org.eclipse.jdt.internal.junit.runner.RemoteTestRunner.runTests(RemoteTestRunner.java:683)
	at org.eclipse.jdt.internal.junit.runner.RemoteTestRunner.run(RemoteTestRunner.java:390)
	at org.eclipse.jdt.internal.junit.runner.RemoteTestRunner.main(RemoteTestRunner.java:197)
Caused by: java.lang.IllegalArgumentException: argument type mismatch
	at sun.reflect.NativeMethodAccessorImpl.invoke0(Native Method)
	at sun.reflect.NativeMethodAccessorImpl.invoke(Unknown Source)
	at sun.reflect.DelegatingMethodAccessorImpl.invoke(Unknown Source)
	at java.lang.reflect.Method.invoke(Unknown Source)
	at org.hibernate.property.BasicPropertyAccessor$BasicSetter.set(BasicPropertyAccessor.java:42)
	... 40 more
11:40:52,958 ERROR - BasicPropertyAccessor:94 - IllegalArgumentException in class: de.fd.mediamanager.model.audiobook.AudioBook, setter method of property: id
11:40:52,961 ERROR - BasicPropertyAccessor:98 - expected type: java.lang.String, actual value: java.lang.Long
11:40:52,964 ERROR - AudioBookHibernateDAO:127 - find all failed
org.hibernate.PropertyAccessException: IllegalArgumentException occurred while calling setter of de.fd.mediamanager.model.audiobook.AudioBook.id
	at org.hibernate.property.BasicPropertyAccessor$BasicSetter.set(BasicPropertyAccessor.java:104)
	at org.hibernate.tuple.entity.AbstractEntityTuplizer.setIdentifier(AbstractEntityTuplizer.java:211)
	at org.hibernate.tuple.entity.AbstractEntityTuplizer.instantiate(AbstractEntityTuplizer.java:353)
	at org.hibernate.persister.entity.AbstractEntityPersister.instantiate(AbstractEntityPersister.java:3606)
	at org.hibernate.impl.SessionImpl.instantiate(SessionImpl.java:1275)
	at org.hibernate.impl.SessionImpl.instantiate(SessionImpl.java:1264)
	at org.hibernate.loader.Loader.instanceNotYetLoaded(Loader.java:1299)
	at org.hibernate.loader.Loader.getRow(Loader.java:1206)
	at org.hibernate.loader.Loader.getRowFromResultSet(Loader.java:580)
	at org.hibernate.loader.Loader.doQuery(Loader.java:701)
	at org.hibernate.loader.Loader.doQueryAndInitializeNonLazyCollections(Loader.java:236)
	at org.hibernate.loader.Loader.doList(Loader.java:2220)
	at org.hibernate.loader.Loader.listIgnoreQueryCache(Loader.java:2104)
	at org.hibernate.loader.Loader.list(Loader.java:2099)
	at org.hibernate.loader.hql.QueryLoader.list(QueryLoader.java:378)
	at org.hibernate.hql.ast.QueryTranslatorImpl.list(QueryTranslatorImpl.java:338)
	at org.hibernate.engine.query.HQLQueryPlan.performList(HQLQueryPlan.java:172)
	at org.hibernate.impl.SessionImpl.list(SessionImpl.java:1121)
	at org.hibernate.impl.QueryImpl.list(QueryImpl.java:79)
	at de.fd.mediamanager.dao.hibernate.AudioBookHibernateDAO.findAudioBooks(AudioBookHibernateDAO.java:123)
	at de.mediamanager.dao.api.hibernate.SpringHibernateAtomicosTest.testFindAllAudioBooks(SpringHibernateAtomicosTest.java:47)
	at sun.reflect.NativeMethodAccessorImpl.invoke0(Native Method)
	at sun.reflect.NativeMethodAccessorImpl.invoke(Unknown Source)
	at sun.reflect.DelegatingMethodAccessorImpl.invoke(Unknown Source)
	at java.lang.reflect.Method.invoke(Unknown Source)
	at junit.framework.TestCase.runTest(TestCase.java:168)
	at junit.framework.TestCase.runBare(TestCase.java:134)
	at org.springframework.test.ConditionalTestCase.runBare(ConditionalTestCase.java:79)
	at junit.framework.TestResult$1.protect(TestResult.java:110)
	at junit.framework.TestResult.runProtected(TestResult.java:128)
	at junit.framework.TestResult.run(TestResult.java:113)
	at junit.framework.TestCase.run(TestCase.java:124)
	at junit.framework.TestSuite.runTest(TestSuite.java:232)
	at junit.framework.TestSuite.run(TestSuite.java:227)
	at org.junit.internal.runners.JUnit38ClassRunner.run(JUnit38ClassRunner.java:81)
	at org.eclipse.jdt.internal.junit4.runner.JUnit4TestReference.run(JUnit4TestReference.java:49)
	at org.eclipse.jdt.internal.junit.runner.TestExecution.run(TestExecution.java:38)
	at org.eclipse.jdt.internal.junit.runner.RemoteTestRunner.runTests(RemoteTestRunner.java:467)
	at org.eclipse.jdt.internal.junit.runner.RemoteTestRunner.runTests(RemoteTestRunner.java:683)
	at org.eclipse.jdt.internal.junit.runner.RemoteTestRunner.run(RemoteTestRunner.java:390)
	at org.eclipse.jdt.internal.junit.runner.RemoteTestRunner.main(RemoteTestRunner.java:197)
Caused by: java.lang.IllegalArgumentException: argument type mismatch
	at sun.reflect.NativeMethodAccessorImpl.invoke0(Native Method)
	at sun.reflect.NativeMethodAccessorImpl.invoke(Unknown Source)
	at sun.reflect.DelegatingMethodAccessorImpl.invoke(Unknown Source)
	at java.lang.reflect.Method.invoke(Unknown Source)
	at org.hibernate.property.BasicPropertyAccessor$BasicSetter.set(BasicPropertyAccessor.java:42)
	... 40 more
11:51:12,555 ERROR - BasicPropertyAccessor:94 - IllegalArgumentException in class: de.fd.mediamanager.model.audiobook.AudioBook, setter method of property: lectors
11:51:12,587 ERROR - BasicPropertyAccessor:98 - expected type: java.util.List, actual value: org.hibernate.collection.PersistentSet
11:51:12,589 ERROR - AudioBookHibernateDAO:113 - find all failed
org.hibernate.PropertyAccessException: IllegalArgumentException occurred while calling setter of de.fd.mediamanager.model.audiobook.AudioBook.lectors
	at org.hibernate.property.BasicPropertyAccessor$BasicSetter.set(BasicPropertyAccessor.java:104)
	at org.hibernate.tuple.entity.AbstractEntityTuplizer.setPropertyValues(AbstractEntityTuplizer.java:337)
	at org.hibernate.tuple.entity.PojoEntityTuplizer.setPropertyValues(PojoEntityTuplizer.java:200)
	at org.hibernate.persister.entity.AbstractEntityPersister.setPropertyValues(AbstractEntityPersister.java:3566)
	at org.hibernate.engine.TwoPhaseLoad.initializeEntity(TwoPhaseLoad.java:129)
	at org.hibernate.loader.Loader.initializeEntitiesAndCollections(Loader.java:854)
	at org.hibernate.loader.Loader.doQuery(Loader.java:729)
	at org.hibernate.loader.Loader.doQueryAndInitializeNonLazyCollections(Loader.java:236)
	at org.hibernate.loader.Loader.doList(Loader.java:2220)
	at org.hibernate.loader.Loader.listIgnoreQueryCache(Loader.java:2104)
	at org.hibernate.loader.Loader.list(Loader.java:2099)
	at org.hibernate.loader.hql.QueryLoader.list(QueryLoader.java:378)
	at org.hibernate.hql.ast.QueryTranslatorImpl.list(QueryTranslatorImpl.java:338)
	at org.hibernate.engine.query.HQLQueryPlan.performList(HQLQueryPlan.java:172)
	at org.hibernate.impl.SessionImpl.list(SessionImpl.java:1121)
	at org.hibernate.impl.QueryImpl.list(QueryImpl.java:79)
	at de.fd.mediamanager.dao.hibernate.AudioBookHibernateDAO.findBooks(AudioBookHibernateDAO.java:109)
	at de.mediamanager.dao.api.hibernate.SpringHibernateAtomicosTest.testFindAllAuthors(SpringHibernateAtomicosTest.java:39)
	at sun.reflect.NativeMethodAccessorImpl.invoke0(Native Method)
	at sun.reflect.NativeMethodAccessorImpl.invoke(Unknown Source)
	at sun.reflect.DelegatingMethodAccessorImpl.invoke(Unknown Source)
	at java.lang.reflect.Method.invoke(Unknown Source)
	at junit.framework.TestCase.runTest(TestCase.java:168)
	at junit.framework.TestCase.runBare(TestCase.java:134)
	at org.springframework.test.ConditionalTestCase.runBare(ConditionalTestCase.java:79)
	at junit.framework.TestResult$1.protect(TestResult.java:110)
	at junit.framework.TestResult.runProtected(TestResult.java:128)
	at junit.framework.TestResult.run(TestResult.java:113)
	at junit.framework.TestCase.run(TestCase.java:124)
	at junit.framework.TestSuite.runTest(TestSuite.java:232)
	at junit.framework.TestSuite.run(TestSuite.java:227)
	at org.junit.internal.runners.JUnit38ClassRunner.run(JUnit38ClassRunner.java:81)
	at org.eclipse.jdt.internal.junit4.runner.JUnit4TestReference.run(JUnit4TestReference.java:49)
	at org.eclipse.jdt.internal.junit.runner.TestExecution.run(TestExecution.java:38)
	at org.eclipse.jdt.internal.junit.runner.RemoteTestRunner.runTests(RemoteTestRunner.java:467)
	at org.eclipse.jdt.internal.junit.runner.RemoteTestRunner.runTests(RemoteTestRunner.java:683)
	at org.eclipse.jdt.internal.junit.runner.RemoteTestRunner.run(RemoteTestRunner.java:390)
	at org.eclipse.jdt.internal.junit.runner.RemoteTestRunner.main(RemoteTestRunner.java:197)
Caused by: java.lang.IllegalArgumentException: argument type mismatch
	at sun.reflect.NativeMethodAccessorImpl.invoke0(Native Method)
	at sun.reflect.NativeMethodAccessorImpl.invoke(Unknown Source)
	at sun.reflect.DelegatingMethodAccessorImpl.invoke(Unknown Source)
	at java.lang.reflect.Method.invoke(Unknown Source)
	at org.hibernate.property.BasicPropertyAccessor$BasicSetter.set(BasicPropertyAccessor.java:42)
	... 37 more
